{"C:\\Users\\hp\\Desktop\\KGK-Backend-Test\\controllers\\bidController.js": {"path":"C:\\Users\\hp\\Desktop\\KGK-Backend-Test\\controllers\\bidController.js","statementMap":{"0":{"start":{"line":1,"column":11},"end":{"line":1,"column":36}},"1":{"start":{"line":3,"column":0},"end":{"line":41,"column":2}},"2":{"start":{"line":4,"column":21},"end":{"line":4,"column":31}},"3":{"start":{"line":5,"column":25},"end":{"line":5,"column":33}},"4":{"start":{"line":6,"column":17},"end":{"line":6,"column":28}},"5":{"start":{"line":8,"column":2},"end":{"line":40,"column":3}},"6":{"start":{"line":10,"column":4},"end":{"line":12,"column":5}},"7":{"start":{"line":11,"column":6},"end":{"line":11,"column":67}},"8":{"start":{"line":15,"column":19},"end":{"line":15,"column":79}},"9":{"start":{"line":16,"column":4},"end":{"line":18,"column":5}},"10":{"start":{"line":17,"column":6},"end":{"line":17,"column":63}},"11":{"start":{"line":21,"column":20},"end":{"line":21,"column":36}},"12":{"start":{"line":22,"column":4},"end":{"line":26,"column":5}},"13":{"start":{"line":23,"column":6},"end":{"line":25,"column":79}},"14":{"start":{"line":29,"column":21},"end":{"line":32,"column":5}},"15":{"start":{"line":34,"column":4},"end":{"line":36,"column":76}},"16":{"start":{"line":38,"column":4},"end":{"line":38,"column":47}},"17":{"start":{"line":39,"column":4},"end":{"line":39,"column":61}},"18":{"start":{"line":43,"column":0},"end":{"line":64,"column":2}},"19":{"start":{"line":44,"column":17},"end":{"line":44,"column":34}},"20":{"start":{"line":46,"column":2},"end":{"line":63,"column":3}},"21":{"start":{"line":48,"column":19},"end":{"line":57,"column":5}},"22":{"start":{"line":59,"column":4},"end":{"line":59,"column":35}},"23":{"start":{"line":61,"column":4},"end":{"line":61,"column":49}},"24":{"start":{"line":62,"column":4},"end":{"line":62,"column":61}}},"fnMap":{"0":{"name":"(anonymous_0)","decl":{"start":{"line":3,"column":25},"end":{"line":3,"column":26}},"loc":{"start":{"line":3,"column":45},"end":{"line":41,"column":1}},"line":3},"1":{"name":"(anonymous_1)","decl":{"start":{"line":43,"column":28},"end":{"line":43,"column":29}},"loc":{"start":{"line":43,"column":48},"end":{"line":64,"column":1}},"line":43}},"branchMap":{"0":{"loc":{"start":{"line":10,"column":4},"end":{"line":12,"column":5}},"type":"if","locations":[{"start":{"line":10,"column":4},"end":{"line":12,"column":5}},{"start":{},"end":{}}],"line":10},"1":{"loc":{"start":{"line":10,"column":8},"end":{"line":10,"column":59}},"type":"binary-expr","locations":[{"start":{"line":10,"column":8},"end":{"line":10,"column":19}},{"start":{"line":10,"column":23},"end":{"line":10,"column":40}},{"start":{"line":10,"column":44},"end":{"line":10,"column":59}}],"line":10},"2":{"loc":{"start":{"line":16,"column":4},"end":{"line":18,"column":5}},"type":"if","locations":[{"start":{"line":16,"column":4},"end":{"line":18,"column":5}},{"start":{},"end":{}}],"line":16},"3":{"loc":{"start":{"line":16,"column":8},"end":{"line":16,"column":34}},"type":"binary-expr","locations":[{"start":{"line":16,"column":8},"end":{"line":16,"column":13}},{"start":{"line":16,"column":17},"end":{"line":16,"column":34}}],"line":16},"4":{"loc":{"start":{"line":22,"column":4},"end":{"line":26,"column":5}},"type":"if","locations":[{"start":{"line":22,"column":4},"end":{"line":26,"column":5}},{"start":{},"end":{}}],"line":22}},"s":{"0":1,"1":1,"2":5,"3":5,"4":5,"5":5,"6":5,"7":1,"8":4,"9":3,"10":1,"11":2,"12":2,"13":1,"14":1,"15":1,"16":1,"17":1,"18":1,"19":2,"20":2,"21":2,"22":1,"23":1,"24":1},"f":{"0":5,"1":2},"b":{"0":[1,4],"1":[5,5,4],"2":[1,2],"3":[3,3],"4":[1,1]},"_coverageSchema":"1a1c01bbd47fc00a2c39e90264f33305004495a9","hash":"22ee770404176f14c98be0cf8bdcc12f06d28426"}
,"C:\\Users\\hp\\Desktop\\KGK-Backend-Test\\controllers\\itemController.js": {"path":"C:\\Users\\hp\\Desktop\\KGK-Backend-Test\\controllers\\itemController.js","statementMap":{"0":{"start":{"line":1,"column":11},"end":{"line":1,"column":36}},"1":{"start":{"line":2,"column":31},"end":{"line":2,"column":67}},"2":{"start":{"line":4,"column":0},"end":{"line":47,"column":4}},"3":{"start":{"line":5,"column":60},"end":{"line":5,"column":68}},"4":{"start":{"line":6,"column":19},"end":{"line":6,"column":30}},"5":{"start":{"line":8,"column":4},"end":{"line":10,"column":5}},"6":{"start":{"line":9,"column":6},"end":{"line":9,"column":72}},"7":{"start":{"line":12,"column":19},"end":{"line":12,"column":23}},"8":{"start":{"line":13,"column":4},"end":{"line":25,"column":5}},"9":{"start":{"line":14,"column":6},"end":{"line":24,"column":7}},"10":{"start":{"line":15,"column":29},"end":{"line":15,"column":68}},"11":{"start":{"line":16,"column":8},"end":{"line":20,"column":9}},"12":{"start":{"line":17,"column":10},"end":{"line":17,"column":45}},"13":{"start":{"line":19,"column":10},"end":{"line":19,"column":72}},"14":{"start":{"line":22,"column":8},"end":{"line":22,"column":55}},"15":{"start":{"line":23,"column":8},"end":{"line":23,"column":70}},"16":{"start":{"line":27,"column":4},"end":{"line":46,"column":5}},"17":{"start":{"line":28,"column":23},"end":{"line":31,"column":7}},"18":{"start":{"line":33,"column":6},"end":{"line":42,"column":9}},"19":{"start":{"line":44,"column":6},"end":{"line":44,"column":51}},"20":{"start":{"line":45,"column":6},"end":{"line":45,"column":63}},"21":{"start":{"line":51,"column":0},"end":{"line":69,"column":2}},"22":{"start":{"line":53,"column":15},"end":{"line":53,"column":44}},"23":{"start":{"line":54,"column":16},"end":{"line":54,"column":47}},"24":{"start":{"line":55,"column":17},"end":{"line":55,"column":35}},"25":{"start":{"line":57,"column":2},"end":{"line":68,"column":3}},"26":{"start":{"line":59,"column":20},"end":{"line":62,"column":5}},"27":{"start":{"line":64,"column":4},"end":{"line":64,"column":36}},"28":{"start":{"line":66,"column":4},"end":{"line":66,"column":50}},"29":{"start":{"line":67,"column":4},"end":{"line":67,"column":61}},"30":{"start":{"line":71,"column":0},"end":{"line":87,"column":2}},"31":{"start":{"line":72,"column":17},"end":{"line":72,"column":30}},"32":{"start":{"line":74,"column":2},"end":{"line":86,"column":3}},"33":{"start":{"line":76,"column":19},"end":{"line":76,"column":79}},"34":{"start":{"line":78,"column":4},"end":{"line":80,"column":5}},"35":{"start":{"line":79,"column":6},"end":{"line":79,"column":63}},"36":{"start":{"line":82,"column":4},"end":{"line":82,"column":44}},"37":{"start":{"line":84,"column":4},"end":{"line":84,"column":49}},"38":{"start":{"line":85,"column":4},"end":{"line":85,"column":61}},"39":{"start":{"line":90,"column":0},"end":{"line":117,"column":4}},"40":{"start":{"line":91,"column":30},"end":{"line":91,"column":38}},"41":{"start":{"line":92,"column":19},"end":{"line":92,"column":32}},"42":{"start":{"line":93,"column":19},"end":{"line":93,"column":30}},"43":{"start":{"line":95,"column":4},"end":{"line":116,"column":5}},"44":{"start":{"line":97,"column":29},"end":{"line":100,"column":7}},"45":{"start":{"line":102,"column":6},"end":{"line":104,"column":7}},"46":{"start":{"line":103,"column":8},"end":{"line":103,"column":81}},"47":{"start":{"line":107,"column":6},"end":{"line":110,"column":8}},"48":{"start":{"line":112,"column":6},"end":{"line":112,"column":69}},"49":{"start":{"line":114,"column":6},"end":{"line":114,"column":51}},"50":{"start":{"line":115,"column":6},"end":{"line":115,"column":63}},"51":{"start":{"line":120,"column":0},"end":{"line":143,"column":4}},"52":{"start":{"line":121,"column":19},"end":{"line":121,"column":32}},"53":{"start":{"line":122,"column":19},"end":{"line":122,"column":30}},"54":{"start":{"line":124,"column":4},"end":{"line":142,"column":5}},"55":{"start":{"line":126,"column":29},"end":{"line":129,"column":7}},"56":{"start":{"line":131,"column":6},"end":{"line":133,"column":7}},"57":{"start":{"line":132,"column":8},"end":{"line":132,"column":81}},"58":{"start":{"line":136,"column":6},"end":{"line":136,"column":65}},"59":{"start":{"line":138,"column":6},"end":{"line":138,"column":69}},"60":{"start":{"line":140,"column":6},"end":{"line":140,"column":51}},"61":{"start":{"line":141,"column":6},"end":{"line":141,"column":63}}},"fnMap":{"0":{"name":"(anonymous_0)","decl":{"start":{"line":4,"column":21},"end":{"line":4,"column":22}},"loc":{"start":{"line":4,"column":41},"end":{"line":47,"column":3}},"line":4},"1":{"name":"(anonymous_1)","decl":{"start":{"line":51,"column":22},"end":{"line":51,"column":23}},"loc":{"start":{"line":51,"column":42},"end":{"line":69,"column":1}},"line":51},"2":{"name":"(anonymous_2)","decl":{"start":{"line":71,"column":22},"end":{"line":71,"column":23}},"loc":{"start":{"line":71,"column":42},"end":{"line":87,"column":1}},"line":71},"3":{"name":"(anonymous_3)","decl":{"start":{"line":90,"column":21},"end":{"line":90,"column":22}},"loc":{"start":{"line":90,"column":41},"end":{"line":117,"column":3}},"line":90},"4":{"name":"(anonymous_4)","decl":{"start":{"line":120,"column":21},"end":{"line":120,"column":22}},"loc":{"start":{"line":120,"column":41},"end":{"line":143,"column":3}},"line":120}},"branchMap":{"0":{"loc":{"start":{"line":8,"column":4},"end":{"line":10,"column":5}},"type":"if","locations":[{"start":{"line":8,"column":4},"end":{"line":10,"column":5}},{"start":{},"end":{}}],"line":8},"1":{"loc":{"start":{"line":8,"column":8},"end":{"line":8,"column":61}},"type":"binary-expr","locations":[{"start":{"line":8,"column":8},"end":{"line":8,"column":13}},{"start":{"line":8,"column":17},"end":{"line":8,"column":29}},{"start":{"line":8,"column":33},"end":{"line":8,"column":48}},{"start":{"line":8,"column":52},"end":{"line":8,"column":61}}],"line":8},"2":{"loc":{"start":{"line":13,"column":4},"end":{"line":25,"column":5}},"type":"if","locations":[{"start":{"line":13,"column":4},"end":{"line":25,"column":5}},{"start":{},"end":{}}],"line":13},"3":{"loc":{"start":{"line":16,"column":8},"end":{"line":20,"column":9}},"type":"if","locations":[{"start":{"line":16,"column":8},"end":{"line":20,"column":9}},{"start":{"line":18,"column":15},"end":{"line":20,"column":9}}],"line":16},"4":{"loc":{"start":{"line":53,"column":15},"end":{"line":53,"column":44}},"type":"binary-expr","locations":[{"start":{"line":53,"column":15},"end":{"line":53,"column":39}},{"start":{"line":53,"column":43},"end":{"line":53,"column":44}}],"line":53},"5":{"loc":{"start":{"line":54,"column":16},"end":{"line":54,"column":47}},"type":"binary-expr","locations":[{"start":{"line":54,"column":16},"end":{"line":54,"column":41}},{"start":{"line":54,"column":45},"end":{"line":54,"column":47}}],"line":54},"6":{"loc":{"start":{"line":78,"column":4},"end":{"line":80,"column":5}},"type":"if","locations":[{"start":{"line":78,"column":4},"end":{"line":80,"column":5}},{"start":{},"end":{}}],"line":78},"7":{"loc":{"start":{"line":102,"column":6},"end":{"line":104,"column":7}},"type":"if","locations":[{"start":{"line":102,"column":6},"end":{"line":104,"column":7}},{"start":{},"end":{}}],"line":102},"8":{"loc":{"start":{"line":131,"column":6},"end":{"line":133,"column":7}},"type":"if","locations":[{"start":{"line":131,"column":6},"end":{"line":133,"column":7}},{"start":{},"end":{}}],"line":131}},"s":{"0":1,"1":1,"2":1,"3":3,"4":3,"5":3,"6":1,"7":2,"8":2,"9":2,"10":2,"11":1,"12":1,"13":0,"14":1,"15":1,"16":1,"17":1,"18":1,"19":0,"20":0,"21":1,"22":2,"23":2,"24":2,"25":2,"26":2,"27":1,"28":1,"29":1,"30":1,"31":3,"32":3,"33":3,"34":2,"35":1,"36":1,"37":1,"38":1,"39":1,"40":3,"41":3,"42":3,"43":3,"44":3,"45":2,"46":0,"47":2,"48":2,"49":1,"50":1,"51":1,"52":3,"53":3,"54":3,"55":3,"56":2,"57":0,"58":2,"59":2,"60":1,"61":1},"f":{"0":3,"1":2,"2":3,"3":3,"4":3},"b":{"0":[1,2],"1":[3,3,2,2],"2":[2,0],"3":[1,0],"4":[2,0],"5":[2,0],"6":[1,1],"7":[0,2],"8":[0,2]},"_coverageSchema":"1a1c01bbd47fc00a2c39e90264f33305004495a9","hash":"5b27c2dfe63e8e02fb4b270cc6d0ad021637ca26"}
,"C:\\Users\\hp\\Desktop\\KGK-Backend-Test\\controllers\\notificationController.js": {"path":"C:\\Users\\hp\\Desktop\\KGK-Backend-Test\\controllers\\notificationController.js","statementMap":{"0":{"start":{"line":1,"column":11},"end":{"line":1,"column":36}},"1":{"start":{"line":4,"column":0},"end":{"line":17,"column":2}},"2":{"start":{"line":5,"column":17},"end":{"line":5,"column":28}},"3":{"start":{"line":7,"column":2},"end":{"line":16,"column":3}},"4":{"start":{"line":8,"column":28},"end":{"line":11,"column":5}},"5":{"start":{"line":12,"column":4},"end":{"line":12,"column":44}},"6":{"start":{"line":14,"column":4},"end":{"line":14,"column":58}},"7":{"start":{"line":15,"column":4},"end":{"line":15,"column":61}},"8":{"start":{"line":20,"column":0},"end":{"line":33,"column":2}},"9":{"start":{"line":21,"column":17},"end":{"line":21,"column":28}},"10":{"start":{"line":23,"column":2},"end":{"line":32,"column":3}},"11":{"start":{"line":24,"column":4},"end":{"line":27,"column":6}},"12":{"start":{"line":28,"column":4},"end":{"line":28,"column":70}},"13":{"start":{"line":30,"column":4},"end":{"line":30,"column":65}},"14":{"start":{"line":31,"column":4},"end":{"line":31,"column":61}}},"fnMap":{"0":{"name":"(anonymous_0)","decl":{"start":{"line":4,"column":27},"end":{"line":4,"column":28}},"loc":{"start":{"line":4,"column":47},"end":{"line":17,"column":1}},"line":4},"1":{"name":"(anonymous_1)","decl":{"start":{"line":20,"column":32},"end":{"line":20,"column":33}},"loc":{"start":{"line":20,"column":52},"end":{"line":33,"column":1}},"line":20}},"branchMap":{},"s":{"0":1,"1":1,"2":2,"3":2,"4":2,"5":1,"6":1,"7":1,"8":1,"9":2,"10":2,"11":2,"12":1,"13":1,"14":1},"f":{"0":2,"1":2},"b":{},"_coverageSchema":"1a1c01bbd47fc00a2c39e90264f33305004495a9","hash":"9bab5b5671fe9b469e25486c1b00a1efe12835da"}
,"C:\\Users\\hp\\Desktop\\KGK-Backend-Test\\controllers\\userControllers.js": {"path":"C:\\Users\\hp\\Desktop\\KGK-Backend-Test\\controllers\\userControllers.js","statementMap":{"0":{"start":{"line":1,"column":12},"end":{"line":1,"column":35}},"1":{"start":{"line":2,"column":15},"end":{"line":2,"column":34}},"2":{"start":{"line":3,"column":11},"end":{"line":3,"column":36}},"3":{"start":{"line":6,"column":0},"end":{"line":23,"column":2}},"4":{"start":{"line":7,"column":2},"end":{"line":22,"column":3}},"5":{"start":{"line":8,"column":42},"end":{"line":8,"column":50}},"6":{"start":{"line":10,"column":27},"end":{"line":10,"column":58}},"7":{"start":{"line":13,"column":19},"end":{"line":16,"column":5}},"8":{"start":{"line":18,"column":4},"end":{"line":18,"column":70}},"9":{"start":{"line":20,"column":4},"end":{"line":20,"column":31}},"10":{"start":{"line":21,"column":4},"end":{"line":21,"column":58}},"11":{"start":{"line":26,"column":0},"end":{"line":61,"column":2}},"12":{"start":{"line":27,"column":2},"end":{"line":60,"column":3}},"13":{"start":{"line":28,"column":32},"end":{"line":28,"column":40}},"14":{"start":{"line":30,"column":20},"end":{"line":32,"column":6}},"15":{"start":{"line":33,"column":17},"end":{"line":33,"column":25}},"16":{"start":{"line":35,"column":29},"end":{"line":35,"column":72}},"17":{"start":{"line":37,"column":4},"end":{"line":39,"column":5}},"18":{"start":{"line":38,"column":6},"end":{"line":38,"column":74}},"19":{"start":{"line":42,"column":18},"end":{"line":48,"column":5}},"20":{"start":{"line":50,"column":20},"end":{"line":53,"column":5}},"21":{"start":{"line":55,"column":4},"end":{"line":55,"column":23}},"22":{"start":{"line":56,"column":4},"end":{"line":56,"column":67}},"23":{"start":{"line":58,"column":4},"end":{"line":58,"column":46}},"24":{"start":{"line":59,"column":4},"end":{"line":59,"column":61}},"25":{"start":{"line":64,"column":0},"end":{"line":72,"column":2}},"26":{"start":{"line":65,"column":2},"end":{"line":71,"column":3}},"27":{"start":{"line":67,"column":4},"end":{"line":67,"column":52}},"28":{"start":{"line":69,"column":4},"end":{"line":69,"column":46}},"29":{"start":{"line":70,"column":4},"end":{"line":70,"column":61}}},"fnMap":{"0":{"name":"(anonymous_0)","decl":{"start":{"line":6,"column":23},"end":{"line":6,"column":24}},"loc":{"start":{"line":6,"column":43},"end":{"line":23,"column":1}},"line":6},"1":{"name":"(anonymous_1)","decl":{"start":{"line":26,"column":16},"end":{"line":26,"column":17}},"loc":{"start":{"line":26,"column":36},"end":{"line":61,"column":1}},"line":26},"2":{"name":"(anonymous_2)","decl":{"start":{"line":64,"column":18},"end":{"line":64,"column":19}},"loc":{"start":{"line":64,"column":38},"end":{"line":72,"column":1}},"line":64}},"branchMap":{"0":{"loc":{"start":{"line":37,"column":4},"end":{"line":39,"column":5}},"type":"if","locations":[{"start":{"line":37,"column":4},"end":{"line":39,"column":5}},{"start":{},"end":{}}],"line":37},"1":{"loc":{"start":{"line":37,"column":8},"end":{"line":37,"column":34}},"type":"binary-expr","locations":[{"start":{"line":37,"column":8},"end":{"line":37,"column":13}},{"start":{"line":37,"column":17},"end":{"line":37,"column":34}}],"line":37}},"s":{"0":1,"1":1,"2":1,"3":1,"4":2,"5":2,"6":2,"7":1,"8":1,"9":1,"10":1,"11":1,"12":3,"13":3,"14":3,"15":2,"16":2,"17":1,"18":0,"19":1,"20":1,"21":1,"22":1,"23":3,"24":3,"25":1,"26":2,"27":2,"28":0,"29":0},"f":{"0":2,"1":3,"2":2},"b":{"0":[0,1],"1":[1,1]},"_coverageSchema":"1a1c01bbd47fc00a2c39e90264f33305004495a9","hash":"5fb77642e658e609de020330597ce08b58dcf9c7"}
}
