TN:
SF:controllers\bidController.js
FN:3,(anonymous_0)
FN:43,(anonymous_1)
FNF:2
FNH:2
FNDA:5,(anonymous_0)
FNDA:2,(anonymous_1)
DA:1,1
DA:3,1
DA:4,5
DA:5,5
DA:6,5
DA:8,5
DA:10,5
DA:11,1
DA:15,4
DA:16,3
DA:17,1
DA:21,2
DA:22,2
DA:23,1
DA:29,1
DA:34,1
DA:38,1
DA:39,1
DA:43,1
DA:44,2
DA:46,2
DA:48,2
DA:59,1
DA:61,1
DA:62,1
LF:25
LH:25
BRDA:10,0,0,1
BRDA:10,0,1,4
BRDA:10,1,0,5
BRDA:10,1,1,5
BRDA:10,1,2,4
BRDA:16,2,0,1
BRDA:16,2,1,2
BRDA:16,3,0,3
BRDA:16,3,1,3
BRDA:22,4,0,1
BRDA:22,4,1,1
BRF:11
BRH:11
end_of_record
TN:
SF:controllers\itemController.js
FN:4,(anonymous_0)
FN:51,(anonymous_1)
FN:71,(anonymous_2)
FN:90,(anonymous_3)
FN:120,(anonymous_4)
FNF:5
FNH:5
FNDA:3,(anonymous_0)
FNDA:2,(anonymous_1)
FNDA:3,(anonymous_2)
FNDA:3,(anonymous_3)
FNDA:3,(anonymous_4)
DA:1,1
DA:2,1
DA:4,1
DA:5,3
DA:6,3
DA:8,3
DA:9,1
DA:12,2
DA:13,2
DA:14,2
DA:15,2
DA:16,1
DA:17,1
DA:19,0
DA:22,1
DA:23,1
DA:27,1
DA:28,1
DA:33,1
DA:44,0
DA:45,0
DA:51,1
DA:53,2
DA:54,2
DA:55,2
DA:57,2
DA:59,2
DA:64,1
DA:66,1
DA:67,1
DA:71,1
DA:72,3
DA:74,3
DA:76,3
DA:78,2
DA:79,1
DA:82,1
DA:84,1
DA:85,1
DA:90,1
DA:91,3
DA:92,3
DA:93,3
DA:95,3
DA:97,3
DA:102,2
DA:103,0
DA:107,2
DA:112,2
DA:114,1
DA:115,1
DA:120,1
DA:121,3
DA:122,3
DA:124,3
DA:126,3
DA:131,2
DA:132,0
DA:136,2
DA:138,2
DA:140,1
DA:141,1
LF:62
LH:57
BRDA:8,0,0,1
BRDA:8,0,1,2
BRDA:8,1,0,3
BRDA:8,1,1,3
BRDA:8,1,2,2
BRDA:8,1,3,2
BRDA:13,2,0,2
BRDA:13,2,1,0
BRDA:16,3,0,1
BRDA:16,3,1,0
BRDA:53,4,0,2
BRDA:53,4,1,0
BRDA:54,5,0,2
BRDA:54,5,1,0
BRDA:78,6,0,1
BRDA:78,6,1,1
BRDA:102,7,0,0
BRDA:102,7,1,2
BRDA:131,8,0,0
BRDA:131,8,1,2
BRF:20
BRH:14
end_of_record
TN:
SF:controllers\notificationController.js
FN:4,(anonymous_0)
FN:20,(anonymous_1)
FNF:2
FNH:2
FNDA:2,(anonymous_0)
FNDA:2,(anonymous_1)
DA:1,1
DA:4,1
DA:5,2
DA:7,2
DA:8,2
DA:12,1
DA:14,1
DA:15,1
DA:20,1
DA:21,2
DA:23,2
DA:24,2
DA:28,1
DA:30,1
DA:31,1
LF:15
LH:15
BRF:0
BRH:0
end_of_record
TN:
SF:controllers\userControllers.js
FN:6,(anonymous_0)
FN:26,(anonymous_1)
FN:64,(anonymous_2)
FNF:3
FNH:3
FNDA:2,(anonymous_0)
FNDA:3,(anonymous_1)
FNDA:2,(anonymous_2)
DA:1,1
DA:2,1
DA:3,1
DA:6,1
DA:7,2
DA:8,2
DA:10,2
DA:13,1
DA:18,1
DA:20,1
DA:21,1
DA:26,1
DA:27,3
DA:28,3
DA:30,3
DA:33,2
DA:35,2
DA:37,1
DA:38,0
DA:42,1
DA:50,1
DA:55,1
DA:56,1
DA:58,3
DA:59,3
DA:64,1
DA:65,2
DA:67,2
DA:69,0
DA:70,0
LF:30
LH:27
BRDA:37,0,0,0
BRDA:37,0,1,1
BRDA:37,1,0,1
BRDA:37,1,1,1
BRF:4
BRH:3
end_of_record
